Build started 2012/2/26 22:02:25.
     1>Project "D:\TORCS\user1\user1\user1.vcxproj" on node 2 (build target(s)).
     1>InitializeBuildStatus:
         Touching "Debug\user1.unsuccessfulbuild".
       ClCompile:
         D:\Program Files (x86)\Microsoft Visual Studio 10.0\VC\bin\CL.exe /c /ZI /nologo /W3 /WX- /Od /Oy- /D WIN32 /D _DEBUG /D _WINDOWS /D _USRDLL /D USER1_EXPORTS /D _WINDLL /D _UNICODE /D UNICODE /Gm /EHsc /RTC1 /MDd /GS /fp:precise /Zc:wchar_t /Zc:forScope /Fo"Debug\\" /Fd"Debug\vc100.pdb" /Gd /TP /analyze- /errorReport:prompt user1.cpp
         user1.cpp
     1>d:\torcs\user1\user1\user1.cpp(19): error C2065: 'tModInfo' : undeclared identifier
     1>d:\torcs\user1\user1\user1.cpp(19): error C2065: 'modInfo' : undeclared identifier
     1>d:\torcs\user1\user1\user1.cpp(20): error C2448: 'user1' : function-style initializer appears to be a function definition
     1>d:\torcs\user1\user1\user1.cpp(47): error C2440: '=' : cannot convert from 'float [][2]' to 'float [200][2]'
                 There are no conversions to array types, although there are conversions to references or pointers to arrays
     1>Done Building Project "D:\TORCS\user1\user1\user1.vcxproj" (build target(s)) -- FAILED.

Build FAILED.

Time Elapsed 00:00:00.99
